app/build (1)/intermediates/manifest_merge_blame_file/debug/manifest-merger-blame-debug-report.txt
1<?xml version="1.0" encoding="utf-8"?>
2<manifest xmlns:android="http://schemas.android.com/apk/res/android"
3    package="com.doubleclick.uperappsimcoder"
4    android:versionCode="1"
5    android:versionName="1.0" >
6
7    <uses-sdk
8        android:minSdkVersion="20"
8-->src\main\AndroidManifest.xml
9        android:targetSdkVersion="29" />
9-->src\main\AndroidManifest.xml
10    <!--
11         The ACCESS_COARSE/FINE_LOCATION permissions are not required to use
12         Google Maps Android API v2, but you must specify either coarse or fine
13         location permissions for the "MyLocation" functionality.
14    -->
15    <uses-permission android:name="android.permission.ACCESS_FINE_LOCATION" />
15-->src\main\AndroidManifest.xml:9:5-79
15-->src\main\AndroidManifest.xml:9:22-76
16    <uses-permission android:name="android.permission.ACCESS_WIFI_STATE" />
16-->[com.google.android.libraries.places:places:2.4.0] AndroidManifest.xml:10:5-76
16-->[com.google.android.libraries.places:places:2.4.0] AndroidManifest.xml:10:22-73
17    <uses-permission android:name="android.permission.INTERNET" /> <!-- Although the *SdkVersion is captured in gradle build files, this is required for non gradle builds -->
17-->[com.google.android.libraries.places:places:2.4.0] AndroidManifest.xml:11:5-67
17-->[com.google.android.libraries.places:places:2.4.0] AndroidManifest.xml:11:22-64
18    <!-- <uses-sdk android:minSdkVersion="14"/> -->
19    <uses-permission android:name="android.permission.ACCESS_NETWORK_STATE" />
19-->[com.google.firebase:firebase-database:19.4.0] AndroidManifest.xml:25:5-79
19-->[com.google.firebase:firebase-database:19.4.0] AndroidManifest.xml:25:22-76
20
21    <uses-feature
21-->[com.google.android.gms:play-services-maps:17.0.0] AndroidManifest.xml:26:5-28:35
22        android:glEsVersion="0x00020000"
22-->[com.google.android.gms:play-services-maps:17.0.0] AndroidManifest.xml:27:9-41
23        android:required="true" />
23-->[com.google.android.gms:play-services-maps:17.0.0] AndroidManifest.xml:28:9-32
24
25    <application
25-->src\main\AndroidManifest.xml:11:5-47:19
26        android:allowBackup="true"
26-->src\main\AndroidManifest.xml:12:9-35
27        android:appComponentFactory="androidx.core.app.CoreComponentFactory"
27-->[androidx.core:core:1.3.1] AndroidManifest.xml:24:18-86
28        android:debuggable="true"
29        android:icon="@mipmap/ic_launcher"
29-->src\main\AndroidManifest.xml:13:9-43
30        android:label="@string/app_name"
30-->src\main\AndroidManifest.xml:14:9-41
31        android:roundIcon="@mipmap/ic_launcher_round"
31-->src\main\AndroidManifest.xml:15:9-54
32        android:supportsRtl="true"
32-->src\main\AndroidManifest.xml:16:9-35
33        android:theme="@style/AppTheme" >
33-->src\main\AndroidManifest.xml:17:9-40
34        <activity android:name="com.doubleclick.uperappsimcoder.Driver.DriverSettingActivity" />
34-->src\main\AndroidManifest.xml:18:9-75
34-->src\main\AndroidManifest.xml:18:19-63
35        <activity android:name="com.doubleclick.uperappsimcoder.Customer.SettingCustomerActivity" />
35-->src\main\AndroidManifest.xml:19:9-70
35-->src\main\AndroidManifest.xml:19:19-67
36        <!--
37             The API key for Google Maps-based APIs is defined as a string resource.
38             (See the file "res/values/google_maps_api.xml").
39             Note that the API key is linked to the encryption key used to sign the APK.
40             You need a different API key for each encryption key, including the release key that is used to
41             sign the APK for publishing.
42             You can define the keys for the debug and release targets in src/debug/ and src/release/.
43        -->
44        <meta-data
44-->src\main\AndroidManifest.xml:28:9-30:55
45            android:name="com.google.android.geo.API_KEY"
45-->src\main\AndroidManifest.xml:29:13-58
46            android:value="@string/google_maps_key" />
46-->src\main\AndroidManifest.xml:30:13-52
47
48        <activity
48-->src\main\AndroidManifest.xml:32:9-34:68
49            android:name="com.doubleclick.uperappsimcoder.Customer.CustomerMapsActivity"
49-->src\main\AndroidManifest.xml:33:13-58
50            android:label="@string/title_activity_customer_maps" />
50-->src\main\AndroidManifest.xml:34:13-65
51        <activity
51-->src\main\AndroidManifest.xml:35:9-37:66
52            android:name="com.doubleclick.uperappsimcoder.Driver.DriverMapsActivity"
52-->src\main\AndroidManifest.xml:36:13-54
53            android:label="@string/title_activity_driver_maps" />
53-->src\main\AndroidManifest.xml:37:13-63
54        <activity android:name="com.doubleclick.uperappsimcoder.Driver.DriverLoginActivity" />
54-->src\main\AndroidManifest.xml:38:9-64
54-->src\main\AndroidManifest.xml:38:19-61
55        <activity android:name="com.doubleclick.uperappsimcoder.Customer.CustomerLoginActivity" />
55-->src\main\AndroidManifest.xml:39:9-68
55-->src\main\AndroidManifest.xml:39:19-65
56        <activity android:name="com.doubleclick.uperappsimcoder.MainActivity" >
56-->src\main\AndroidManifest.xml:40:9-46:20
56-->src\main\AndroidManifest.xml:40:19-47
57            <intent-filter>
57-->src\main\AndroidManifest.xml:41:13-45:29
58                <action android:name="android.intent.action.MAIN" />
58-->src\main\AndroidManifest.xml:42:17-69
58-->src\main\AndroidManifest.xml:42:25-66
59
60                <category android:name="android.intent.category.LAUNCHER" />
60-->src\main\AndroidManifest.xml:44:17-77
60-->src\main\AndroidManifest.xml:44:27-74
61            </intent-filter>
62        </activity>
63        <activity
63-->[com.karumi:dexter:6.2.1] AndroidManifest.xml:27:9-29:72
64            android:name="com.karumi.dexter.DexterActivity"
64-->[com.karumi:dexter:6.2.1] AndroidManifest.xml:28:13-60
65            android:theme="@style/Dexter.Internal.Theme.Transparent" />
65-->[com.karumi:dexter:6.2.1] AndroidManifest.xml:29:13-69
66        <activity
66-->[com.google.android.libraries.places:places:2.4.0] AndroidManifest.xml:14:9-20:20
67            android:name="com.google.android.libraries.places.widget.AutocompleteActivity"
67-->[com.google.android.libraries.places:places:2.4.0] AndroidManifest.xml:15:13-91
68            android:exported="false"
68-->[com.google.android.libraries.places:places:2.4.0] AndroidManifest.xml:16:13-37
69            android:label="@string/places_autocomplete_label"
69-->[com.google.android.libraries.places:places:2.4.0] AndroidManifest.xml:17:13-62
70            android:theme="@style/PlacesAutocompleteOverlay"
70-->[com.google.android.libraries.places:places:2.4.0] AndroidManifest.xml:18:13-61
71            android:windowSoftInputMode="adjustResize" >
71-->[com.google.android.libraries.places:places:2.4.0] AndroidManifest.xml:19:13-55
72        </activity>
73        <activity
73-->[com.google.firebase:firebase-auth:19.4.0] AndroidManifest.xml:24:9-31:50
74            android:name="com.google.firebase.auth.internal.FederatedSignInActivity"
74-->[com.google.firebase:firebase-auth:19.4.0] AndroidManifest.xml:25:13-85
75            android:excludeFromRecents="true"
75-->[com.google.firebase:firebase-auth:19.4.0] AndroidManifest.xml:26:13-46
76            android:exported="true"
76-->[com.google.firebase:firebase-auth:19.4.0] AndroidManifest.xml:27:13-36
77            android:launchMode="singleTask"
77-->[com.google.firebase:firebase-auth:19.4.0] AndroidManifest.xml:28:13-44
78            android:permission="com.google.firebase.auth.api.gms.permission.LAUNCH_FEDERATED_SIGN_IN"
78-->[com.google.firebase:firebase-auth:19.4.0] AndroidManifest.xml:29:13-102
79            android:theme="@android:style/Theme.Translucent.NoTitleBar" />
79-->[com.google.firebase:firebase-auth:19.4.0] AndroidManifest.xml:30:13-72
80
81        <service
81-->[com.google.firebase:firebase-auth:19.4.0] AndroidManifest.xml:33:9-39:19
82            android:name="com.google.firebase.components.ComponentDiscoveryService"
82-->[com.google.firebase:firebase-auth:19.4.0] AndroidManifest.xml:34:13-84
83            android:directBootAware="true"
83-->[com.google.firebase:firebase-common:19.3.1] AndroidManifest.xml:35:13-43
84            android:exported="false" >
84-->[com.google.firebase:firebase-auth:19.4.0] AndroidManifest.xml:35:13-37
85            <meta-data
85-->[com.google.firebase:firebase-auth:19.4.0] AndroidManifest.xml:36:13-38:85
86                android:name="com.google.firebase.components:com.google.firebase.auth.FirebaseAuthRegistrar"
86-->[com.google.firebase:firebase-auth:19.4.0] AndroidManifest.xml:37:17-109
87                android:value="com.google.firebase.components.ComponentRegistrar" />
87-->[com.google.firebase:firebase-auth:19.4.0] AndroidManifest.xml:38:17-82
88            <meta-data
88-->[com.google.firebase:firebase-database:19.4.0] AndroidManifest.xml:32:13-34:85
89                android:name="com.google.firebase.components:com.google.firebase.database.DatabaseRegistrar"
89-->[com.google.firebase:firebase-database:19.4.0] AndroidManifest.xml:33:17-109
90                android:value="com.google.firebase.components.ComponentRegistrar" />
90-->[com.google.firebase:firebase-database:19.4.0] AndroidManifest.xml:34:17-82
91            <meta-data
91-->[com.google.firebase:firebase-storage:19.2.0] AndroidManifest.xml:33:13-35:85
92                android:name="com.google.firebase.components:com.google.firebase.storage.StorageRegistrar"
92-->[com.google.firebase:firebase-storage:19.2.0] AndroidManifest.xml:34:17-107
93                android:value="com.google.firebase.components.ComponentRegistrar" />
93-->[com.google.firebase:firebase-storage:19.2.0] AndroidManifest.xml:35:17-82
94        </service> <!-- Needs to be explicitly declared on P+ -->
95        <uses-library
95-->[com.google.android.gms:play-services-maps:17.0.0] AndroidManifest.xml:33:9-35:40
96            android:name="org.apache.http.legacy"
96-->[com.google.android.gms:play-services-maps:17.0.0] AndroidManifest.xml:34:13-50
97            android:required="false" />
97-->[com.google.android.gms:play-services-maps:17.0.0] AndroidManifest.xml:35:13-37
98
99        <activity
99-->[com.google.android.gms:play-services-base:17.2.1] AndroidManifest.xml:23:9-26:75
100            android:name="com.google.android.gms.common.api.GoogleApiActivity"
100-->[com.google.android.gms:play-services-base:17.2.1] AndroidManifest.xml:24:13-79
101            android:exported="false"
101-->[com.google.android.gms:play-services-base:17.2.1] AndroidManifest.xml:25:13-37
102            android:theme="@android:style/Theme.Translucent.NoTitleBar" />
102-->[com.google.android.gms:play-services-base:17.2.1] AndroidManifest.xml:26:13-72
103
104        <provider
104-->[com.google.firebase:firebase-common:19.3.1] AndroidManifest.xml:26:9-31:39
105            android:name="com.google.firebase.provider.FirebaseInitProvider"
105-->[com.google.firebase:firebase-common:19.3.1] AndroidManifest.xml:27:13-77
106            android:authorities="com.doubleclick.uperappsimcoder.firebaseinitprovider"
106-->[com.google.firebase:firebase-common:19.3.1] AndroidManifest.xml:28:13-72
107            android:directBootAware="true"
107-->[com.google.firebase:firebase-common:19.3.1] AndroidManifest.xml:29:13-43
108            android:exported="false"
108-->[com.google.firebase:firebase-common:19.3.1] AndroidManifest.xml:30:13-37
109            android:initOrder="100" />
109-->[com.google.firebase:firebase-common:19.3.1] AndroidManifest.xml:31:13-36
110
111        <meta-data
111-->[com.google.android.gms:play-services-basement:17.2.1] AndroidManifest.xml:23:9-25:69
112            android:name="com.google.android.gms.version"
112-->[com.google.android.gms:play-services-basement:17.2.1] AndroidManifest.xml:24:13-58
113            android:value="@integer/google_play_services_version" />
113-->[com.google.android.gms:play-services-basement:17.2.1] AndroidManifest.xml:25:13-66
114
115        <service
115-->[com.google.android.datatransport:transport-backend-cct:2.3.0] AndroidManifest.xml:29:9-35:19
116            android:name="com.google.android.datatransport.runtime.backends.TransportBackendDiscovery"
116-->[com.google.android.datatransport:transport-backend-cct:2.3.0] AndroidManifest.xml:30:13-103
117            android:exported="false" >
117-->[com.google.android.datatransport:transport-backend-cct:2.3.0] AndroidManifest.xml:31:13-37
118            <meta-data
118-->[com.google.android.datatransport:transport-backend-cct:2.3.0] AndroidManifest.xml:32:13-34:39
119                android:name="backend:com.google.android.datatransport.cct.CctBackendFactory"
119-->[com.google.android.datatransport:transport-backend-cct:2.3.0] AndroidManifest.xml:33:17-94
120                android:value="cct" />
120-->[com.google.android.datatransport:transport-backend-cct:2.3.0] AndroidManifest.xml:34:17-36
121        </service>
122        <service
122-->[com.google.android.datatransport:transport-runtime:2.2.3] AndroidManifest.xml:26:9-30:19
123            android:name="com.google.android.datatransport.runtime.scheduling.jobscheduling.JobInfoSchedulerService"
123-->[com.google.android.datatransport:transport-runtime:2.2.3] AndroidManifest.xml:27:13-117
124            android:exported="false"
124-->[com.google.android.datatransport:transport-runtime:2.2.3] AndroidManifest.xml:28:13-37
125            android:permission="android.permission.BIND_JOB_SERVICE" >
125-->[com.google.android.datatransport:transport-runtime:2.2.3] AndroidManifest.xml:29:13-69
126        </service>
127
128        <receiver
128-->[com.google.android.datatransport:transport-runtime:2.2.3] AndroidManifest.xml:32:9-34:40
129            android:name="com.google.android.datatransport.runtime.scheduling.jobscheduling.AlarmManagerSchedulerBroadcastReceiver"
129-->[com.google.android.datatransport:transport-runtime:2.2.3] AndroidManifest.xml:33:13-132
130            android:exported="false" />
130-->[com.google.android.datatransport:transport-runtime:2.2.3] AndroidManifest.xml:34:13-37
131
132        <provider
132-->[androidx.lifecycle:lifecycle-process:2.1.0] AndroidManifest.xml:23:9-27:43
133            android:name="androidx.lifecycle.ProcessLifecycleOwnerInitializer"
133-->[androidx.lifecycle:lifecycle-process:2.1.0] AndroidManifest.xml:24:13-79
134            android:authorities="com.doubleclick.uperappsimcoder.lifecycle-process"
134-->[androidx.lifecycle:lifecycle-process:2.1.0] AndroidManifest.xml:25:13-69
135            android:exported="false"
135-->[androidx.lifecycle:lifecycle-process:2.1.0] AndroidManifest.xml:26:13-37
136            android:multiprocess="true" />
136-->[androidx.lifecycle:lifecycle-process:2.1.0] AndroidManifest.xml:27:13-40
137    </application>
138
139</manifest>